#
# There is insufficient memory for the Java Runtime Environment to continue.
# Native memory allocation (malloc) failed to allocate 830336 bytes for Chunk::new
# Possible reasons:
#   The system is out of physical RAM or swap space
#   The process is running with CompressedOops enabled, and the Java Heap may be blocking the growth of the native heap
# Possible solutions:
#   Reduce memory load on the system
#   Increase physical memory or swap space
#   Check if swap backing store is full
#   Decrease Java heap size (-Xmx/-Xms)
#   Decrease number of Java threads
#   Decrease Java thread stack sizes (-Xss)
#   Set larger code cache with -XX:ReservedCodeCacheSize=
#   JVM is running with Unscaled Compressed Oops mode in which the Java heap is
#     placed in the first 4GB address space. The Java Heap base address is the
#     maximum limit for the native heap growth. Please use -XX:HeapBaseMinAddress
#     to set the Java Heap base and to place the Java Heap above 4GB virtual address.
# This output file may be truncated or incomplete.
#
#  Out of Memory Error (allocation.cpp:389), pid=14612, tid=0x0000000000000d5c
#
# JRE version: Java(TM) SE Runtime Environment (8.0_221-b11) (build 1.8.0_221-b11)
# Java VM: Java HotSpot(TM) 64-Bit Server VM (25.221-b11 mixed mode windows-amd64 compressed oops)
# Failed to write core dump. Minidumps are not enabled by default on client versions of Windows
#

---------------  T H R E A D  ---------------

Current thread (0x0000000013c7e000):  JavaThread "C2 CompilerThread0" daemon [_thread_in_native, id=3420, stack(0x00000000152f0000,0x00000000153f0000)]

Stack: [0x00000000152f0000,0x00000000153f0000]
[error occurred during error reporting (printing stack bounds), id 0xc0000005]

Native frames: (J=compiled Java code, j=interpreted, Vv=VM code, C=native code)


Current CompileTask:
C2:  12434 5987       4       io.spring.gradle.dependencymanagement.org.apache.maven.model.interpolation.ProblemDetectingValueSource::getValue (131 bytes)


---------------  P R O C E S S  ---------------

Java Threads: ( => current thread )
  0x000000001b790800 JavaThread "Unconstrained build operations Thread 40" [_thread_blocked, id=1492, stack(0x0000000022550000,0x0000000022650000)]
  0x000000001b78d800 JavaThread "Unconstrained build operations Thread 39" [_thread_blocked, id=18804, stack(0x0000000022450000,0x0000000022550000)]
  0x000000001b78c000 JavaThread "Unconstrained build operations Thread 38" [_thread_blocked, id=10492, stack(0x0000000022350000,0x0000000022450000)]
  0x000000001b790000 JavaThread "Unconstrained build operations Thread 37" [_thread_blocked, id=18080, stack(0x0000000022250000,0x0000000022350000)]
  0x000000001b78d000 JavaThread "Unconstrained build operations Thread 36" [_thread_blocked, id=12284, stack(0x0000000022150000,0x0000000022250000)]
  0x000000001b78b800 JavaThread "Unconstrained build operations Thread 35" [_thread_blocked, id=22720, stack(0x0000000022050000,0x0000000022150000)]
  0x000000001b783800 JavaThread "Unconstrained build operations Thread 34" [_thread_blocked, id=5300, stack(0x0000000021f50000,0x0000000022050000)]
  0x000000001b78a800 JavaThread "Unconstrained build operations Thread 33" [_thread_blocked, id=22992, stack(0x0000000021e50000,0x0000000021f50000)]
  0x000000001b78a000 JavaThread "Unconstrained build operations Thread 32" [_thread_blocked, id=12128, stack(0x0000000021d50000,0x0000000021e50000)]
  0x000000001b786000 JavaThread "Unconstrained build operations Thread 31" [_thread_blocked, id=16136, stack(0x0000000021c50000,0x0000000021d50000)]
  0x000000001b789000 JavaThread "Unconstrained build operations Thread 30" [_thread_blocked, id=20672, stack(0x0000000021b50000,0x0000000021c50000)]
  0x000000001b783000 JavaThread "Unconstrained build operations Thread 29" [_thread_blocked, id=21752, stack(0x0000000021a50000,0x0000000021b50000)]
  0x000000001b785000 JavaThread "Unconstrained build operations Thread 28" [_thread_blocked, id=16992, stack(0x0000000021950000,0x0000000021a50000)]
  0x000000001b788000 JavaThread "Unconstrained build operations Thread 27" [_thread_blocked, id=7912, stack(0x0000000021850000,0x0000000021950000)]
  0x000000001b787800 JavaThread "Unconstrained build operations Thread 26" [_thread_blocked, id=20688, stack(0x0000000021550000,0x0000000021650000)]
  0x000000001b784800 JavaThread "Unconstrained build operations Thread 25" [_thread_blocked, id=20620, stack(0x0000000021450000,0x0000000021550000)]
  0x000000001b786800 JavaThread "Unconstrained build operations Thread 24" [_thread_blocked, id=17956, stack(0x0000000021350000,0x0000000021450000)]
  0x000000001b547000 JavaThread "Unconstrained build operations Thread 23" [_thread_blocked, id=2640, stack(0x0000000021250000,0x0000000021350000)]
  0x000000001b546000 JavaThread "Unconstrained build operations Thread 22" [_thread_blocked, id=18272, stack(0x0000000021150000,0x0000000021250000)]
  0x000000001b545800 JavaThread "Unconstrained build operations Thread 21" [_thread_blocked, id=12816, stack(0x0000000021050000,0x0000000021150000)]
  0x000000001b549000 JavaThread "Unconstrained build operations Thread 20" [_thread_blocked, id=23128, stack(0x0000000020f50000,0x0000000021050000)]
  0x000000001b54b800 JavaThread "Cache worker for execution history cache (D:\a sang\module-6\C0721G1_Project_Sprint1_Backend\C0721G1_Project_Module6\.gradle\7.3.2\executionHistory)" [_thread_blocked, id=20636, stack(0x0000000020e50000,0x0000000020f50000)]
  0x000000001b54a800 JavaThread "Execution worker for ':' Thread 3" [_thread_blocked, id=7452, stack(0x00000000208c0000,0x00000000209c0000)]
  0x000000001b548800 JavaThread "Execution worker for ':' Thread 2" [_thread_in_Java, id=10912, stack(0x00000000207c0000,0x00000000208c0000)]
  0x000000001b547800 JavaThread "Execution worker for ':'" [_thread_blocked, id=22752, stack(0x00000000206c0000,0x00000000207c0000)]
  0x000000001b53e000 JavaThread "Memory manager" [_thread_blocked, id=12384, stack(0x00000000205c0000,0x00000000206c0000)]
  0x000000001b541800 JavaThread "Unconstrained build operations Thread 19" [_thread_blocked, id=23508, stack(0x00000000202c0000,0x00000000203c0000)]
  0x000000001b541000 JavaThread "Unconstrained build operations Thread 18" [_thread_blocked, id=18704, stack(0x00000000201c0000,0x00000000202c0000)]
  0x000000001b542800 JavaThread "Unconstrained build operations Thread 17" [_thread_blocked, id=16544, stack(0x00000000200c0000,0x00000000201c0000)]
  0x000000001b544000 JavaThread "Unconstrained build operations Thread 16" [_thread_blocked, id=19668, stack(0x000000001ffc0000,0x00000000200c0000)]
  0x000000001b53f800 JavaThread "Unconstrained build operations Thread 15" [_thread_blocked, id=7392, stack(0x000000001fec0000,0x000000001ffc0000)]
  0x000000001b543000 JavaThread "Unconstrained build operations Thread 14" [_thread_blocked, id=22368, stack(0x000000001fdc0000,0x000000001fec0000)]
  0x000000001b544800 JavaThread "Unconstrained build operations Thread 13" [_thread_blocked, id=23120, stack(0x000000001fcc0000,0x000000001fdc0000)]
  0x000000001b53e800 JavaThread "Unconstrained build operations Thread 12" [_thread_blocked, id=23280, stack(0x000000001fbc0000,0x000000001fcc0000)]
  0x000000001b540000 JavaThread "Unconstrained build operations Thread 11" [_thread_blocked, id=11304, stack(0x000000001fac0000,0x000000001fbc0000)]
  0x000000001b53d000 JavaThread "Unconstrained build operations Thread 10" [_thread_blocked, id=23464, stack(0x000000001f9c0000,0x000000001fac0000)]
  0x000000001cda8800 JavaThread "Unconstrained build operations Thread 9" [_thread_blocked, id=3672, stack(0x000000001f8c0000,0x000000001f9c0000)]
  0x000000001cda8000 JavaThread "Unconstrained build operations Thread 8" [_thread_blocked, id=14672, stack(0x000000001f7c0000,0x000000001f8c0000)]
  0x000000001cda7000 JavaThread "Unconstrained build operations Thread 7" [_thread_blocked, id=23352, stack(0x000000001f6c0000,0x000000001f7c0000)]
  0x000000001cda6800 JavaThread "Unconstrained build operations Thread 6" [_thread_blocked, id=6396, stack(0x000000001f5c0000,0x000000001f6c0000)]
  0x000000001cd9f000 JavaThread "Unconstrained build operations Thread 5" [_thread_blocked, id=18260, stack(0x000000001f4c0000,0x000000001f5c0000)]
  0x000000001cda5800 JavaThread "Unconstrained build operations Thread 4" [_thread_blocked, id=23272, stack(0x000000001f3c0000,0x000000001f4c0000)]
  0x000000001cda5000 JavaThread "Unconstrained build operations Thread 3" [_thread_blocked, id=23068, stack(0x000000001f2c0000,0x000000001f3c0000)]
  0x000000001cd9d800 JavaThread "Unconstrained build operations Thread 2" [_thread_blocked, id=13980, stack(0x000000001f1c0000,0x000000001f2c0000)]
  0x000000001cda4000 JavaThread "Unconstrained build operations" [_thread_blocked, id=13552, stack(0x000000001f0c0000,0x000000001f1c0000)]
  0x000000001cd9c800 JavaThread "Cache worker for Build Output Cleanup Cache (D:\a sang\module-6\C0721G1_Project_Sprint1_Backend\C0721G1_Project_Module6\.gradle\buildOutputCleanup)" [_thread_blocked, id=20200, stack(0x000000001edc0000,0x000000001eec0000)]
  0x000000001cda3800 JavaThread "Cache worker for dependencies-accessors (D:\a sang\module-6\C0721G1_Project_Sprint1_Backend\C0721G1_Project_Module6\.gradle\7.3.2\dependencies-accessors)" [_thread_blocked, id=16496, stack(0x000000001e8c0000,0x000000001e9c0000)]
  0x000000001cd9c000 JavaThread "jar transforms Thread 4" [_thread_blocked, id=19080, stack(0x000000001e7c0000,0x000000001e8c0000)]
  0x000000001cda2800 JavaThread "jar transforms Thread 3" [_thread_blocked, id=15208, stack(0x000000001e6c0000,0x000000001e7c0000)]
  0x000000001cd9e000 JavaThread "Cache worker for file content cache (C:\Users\sf book\.gradle\caches\7.3.2\fileContent)" [_thread_blocked, id=18728, stack(0x000000001e3c0000,0x000000001e4c0000)]
  0x000000001cd9f800 JavaThread "jar transforms Thread 2" [_thread_blocked, id=13772, stack(0x000000001dec0000,0x000000001dfc0000)]
  0x000000001cd99800 JavaThread "jar transforms" [_thread_blocked, id=8360, stack(0x000000001ddc0000,0x000000001dec0000)]
  0x0000000015c6b000 JavaThread "Cache worker for execution history cache (C:\Users\sf book\.gradle\caches\7.3.2\executionHistory)" [_thread_blocked, id=3308, stack(0x000000001dac0000,0x000000001dbc0000)]
  0x0000000015c6a000 JavaThread "Cache worker for cache directory md-rule (C:\Users\sf book\.gradle\caches\7.3.2\md-rule)" [_thread_blocked, id=15136, stack(0x000000001d9c0000,0x000000001dac0000)]
  0x0000000015c6f800 JavaThread "Cache worker for cache directory md-supplier (C:\Users\sf book\.gradle\caches\7.3.2\md-supplier)" [_thread_blocked, id=21272, stack(0x000000001d6c0000,0x000000001d7c0000)]
  0x0000000015c71000 JavaThread "Cache worker for checksums cache (D:\a sang\module-6\C0721G1_Project_Sprint1_Backend\C0721G1_Project_Module6\.gradle\7.3.2\checksums)" [_thread_blocked, id=21304, stack(0x000000001d5c0000,0x000000001d6c0000)]
  0x0000000015c6e800 JavaThread "File watcher consumer" daemon [_thread_blocked, id=15864, stack(0x000000001c240000,0x000000001c340000)]
  0x0000000015c6e000 JavaThread "File watcher server" daemon [_thread_in_native, id=11004, stack(0x000000001bf40000,0x000000001c040000)]
  0x0000000015c6b800 JavaThread "Cache worker for file hash cache (D:\a sang\module-6\C0721G1_Project_Sprint1_Backend\C0721G1_Project_Module6\.gradle\7.3.2\fileHashes)" [_thread_blocked, id=20624, stack(0x000000001bc20000,0x000000001bd20000)]
  0x0000000015c6c800 JavaThread "Cache worker for file hash cache (C:\Users\sf book\.gradle\caches\7.3.2\fileHashes)" [_thread_blocked, id=23148, stack(0x0000000019940000,0x0000000019a40000)]
  0x0000000015c70000 JavaThread "File lock request listener" [_thread_in_native, id=22756, stack(0x0000000019a80000,0x0000000019b80000)]
  0x0000000015c6d000 JavaThread "Cache worker for journal cache (C:\Users\sf book\.gradle\caches\journal-1)" [_thread_blocked, id=22320, stack(0x0000000019840000,0x0000000019940000)]
  0x00000000173b8800 JavaThread "Daemon client event forwarder" [_thread_blocked, id=13924, stack(0x0000000019540000,0x0000000019640000)]
  0x0000000017c59800 JavaThread "Stdin handler" [_thread_blocked, id=23088, stack(0x0000000019440000,0x0000000019540000)]
  0x0000000017c59000 JavaThread "Asynchronous log dispatcher for DefaultDaemonConnection: socket connection from /127.0.0.1:49982 to /127.0.0.1:49983" [_thread_blocked, id=5624, stack(0x0000000019340000,0x0000000019440000)]
  0x00000000178a4000 JavaThread "Daemon worker" [_thread_blocked, id=20064, stack(0x0000000019240000,0x0000000019340000)]
  0x00000000178a3800 JavaThread "Cancel handler" [_thread_blocked, id=21556, stack(0x0000000019140000,0x0000000019240000)]
  0x00000000169cb000 JavaThread "Handler for socket connection from /127.0.0.1:49982 to /127.0.0.1:49983" [_thread_in_native, id=19064, stack(0x0000000019040000,0x0000000019140000)]
  0x0000000017b28000 JavaThread "Daemon" [_thread_blocked, id=21200, stack(0x0000000018f40000,0x0000000019040000)]
  0x000000001711c000 JavaThread "Daemon periodic checks" [_thread_blocked, id=13328, stack(0x0000000018e40000,0x0000000018f40000)]
  0x0000000017119000 JavaThread "Incoming local TCP Connector on port 49982" [_thread_in_native, id=8440, stack(0x0000000018a00000,0x0000000018b00000)]
  0x0000000017a42000 JavaThread "Daemon health stats" [_thread_blocked, id=23184, stack(0x00000000173c0000,0x00000000174c0000)]
  0x0000000015620800 JavaThread "Service Thread" daemon [_thread_blocked, id=18464, stack(0x00000000159f0000,0x0000000015af0000)]
  0x0000000013c92000 JavaThread "C1 CompilerThread2" daemon [_thread_blocked, id=10836, stack(0x00000000154f0000,0x00000000155f0000)]
  0x0000000013c84000 JavaThread "C2 CompilerThread1" daemon [_thread_in_native, id=23228, stack(0x00000000153f0000,0x00000000154f0000)]
=>0x0000000013c7e000 JavaThread "C2 CompilerThread0" daemon [_thread_in_native, id=3420, stack(0x00000000152f0000,0x00000000153f0000)]
  0x0000000013c7c000 JavaThread "Attach Listener" daemon [_thread_blocked, id=12616, stack(0x00000000151f0000,0x00000000152f0000)]
  0x0000000013c7a800 JavaThread "Signal Dispatcher" daemon [_thread_blocked, id=20604, stack(0x00000000150f0000,0x00000000151f0000)]
  0x000000000284a800 JavaThread "Finalizer" daemon [_thread_blocked, id=22348, stack(0x0000000014ee0000,0x0000000014fe0000)]
  0x0000000002842000 JavaThread "Reference Handler" daemon [_thread_blocked, id=10428, stack(0x0000000014de0000,0x0000000014ee0000)]
  0x0000000000e3d800 JavaThread "main" [_thread_blocked, id=7672, stack(0x0000000002650000,0x0000000002750000)]

Other Threads:
  0x0000000013c47000 VMThread [stack: 0x0000000014ce0000,0x0000000014de0000] [id=13992]
  0x0000000013cdb800 WatcherThread [stack: 0x0000000015af0000,0x0000000015bf0000] [id=1596]

VM state:not at safepoint (normal execution)

VM Mutex/Monitor currently owned by a thread: None

heap address: 0x00000000e0000000, size: 512 MB, Compressed Oops mode: 32-bit
Narrow klass base: 0x0000000000000000, Narrow klass shift: 3
Compressed class space size: 1073741824 Address: 0x0000000100000000

Heap:
 PSYoungGen      total 155648K, used 87206K [0x00000000f5580000, 0x0000000100000000, 0x0000000100000000)
  eden space 141824K, 51% used [0x00000000f5580000,0x00000000f9d31330,0x00000000fe000000)
  from space 13824K, 99% used [0x00000000ff080000,0x00000000ffdf8870,0x00000000ffe00000)
  to   space 16384K, 0% used [0x00000000fe000000,0x00000000fe000000,0x00000000ff000000)
 ParOldGen       total 175104K, used 17053K [0x00000000e0000000, 0x00000000eab00000, 0x00000000f5580000)
  object space 175104K, 9% used [0x00000000e0000000,0x00000000e10a7670,0x00000000eab00000)
 Metaspace       used 48493K, capacity 51602K, committed 51840K, reserved 1093632K
  class space    used 6971K, capacity 7508K, committed 7552K, reserved 1048576K

Card table byte_map: [0x0000000011c10000,0x0000000011d20000] byte_map_base: 0x0000000011510000

Marking Bits: (ParMarkBitMap*) 0x000000005b115ce0
 Begin Bits: [0x00000000121d0000, 0x00000000129d0000)
 End Bits:   [0x00000000129d0000, 0x00000000131d0000)

Polling page: 0x0000000000e60000

CodeCache: size=245760Kb used=17971Kb max_used=18332Kb free=227788Kb
 bounds [0x0000000002850000, 0x0000000003a50000, 0x0000000011850000]
 total_blobs=6236 nmethods=5490 adapters=658
 compilation: enabled

Compilation events (10 events):
Event: 12.414 Thread 0x0000000013c92000 nmethod 6086 0x00000000033f9550 code [0x00000000033f96a0, 0x00000000033f9870]
Event: 12.415 Thread 0x0000000013c92000 6087       3       java.util.HashMap::clear (50 bytes)
Event: 12.416 Thread 0x0000000013c92000 nmethod 6087 0x0000000002f86f50 code [0x0000000002f870c0, 0x0000000002f87490]
Event: 12.420 Thread 0x0000000013c92000 6088       3       org.gradle.api.internal.artifacts.configurations.DefaultConfiguration::validateMutation (16 bytes)
Event: 12.421 Thread 0x0000000013c92000 nmethod 6088 0x00000000029bd510 code [0x00000000029bd6a0, 0x00000000029bd978]
Event: 12.421 Thread 0x0000000013c92000 6089       3       org.gradle.api.internal.artifacts.configurations.DefaultConfiguration::preventIllegalMutation (174 bytes)
Event: 12.423 Thread 0x0000000013c92000 nmethod 6089 0x0000000002bd8710 code [0x0000000002bd8ba0, 0x0000000002bdba38]
Event: 12.427 Thread 0x0000000013c92000 6090       3       org.gradle.internal.typeconversion.NotationParserBuilder::toType (18 bytes)
Event: 12.427 Thread 0x0000000013c92000 nmethod 6090 0x0000000002fc0b90 code [0x0000000002fc0d40, 0x0000000002fc13b0]
Event: 12.432 Thread 0x0000000013c92000 6091       3       org.gradle.internal.component.external.model.AbstractModuleComponentResolveMetadata::<init> (106 bytes)

GC Heap History (10 events):
Event: 6.296 GC heap before
{Heap before GC invocations=6 (full 1):
 PSYoungGen      total 141824K, used 131072K [0x00000000f5580000, 0x00000000fea80000, 0x0000000100000000)
  eden space 131072K, 100% used [0x00000000f5580000,0x00000000fd580000,0x00000000fd580000)
  from space 10752K, 0% used [0x00000000fe000000,0x00000000fe000000,0x00000000fea80000)
  to   space 10752K, 0% used [0x00000000fd580000,0x00000000fd580000,0x00000000fe000000)
 ParOldGen       total 175104K, used 10031K [0x00000000e0000000, 0x00000000eab00000, 0x00000000f5580000)
  object space 175104K, 5% used [0x00000000e0000000,0x00000000e09cbcc8,0x00000000eab00000)
 Metaspace       used 32602K, capacity 33954K, committed 34176K, reserved 1079296K
  class space    used 4624K, capacity 4909K, committed 4992K, reserved 1048576K
Event: 6.311 GC heap after
Heap after GC invocations=6 (full 1):
 PSYoungGen      total 141824K, used 10750K [0x00000000f5580000, 0x0000000100000000, 0x0000000100000000)
  eden space 131072K, 0% used [0x00000000f5580000,0x00000000f5580000,0x00000000fd580000)
  from space 10752K, 99% used [0x00000000fd580000,0x00000000fdfff8a0,0x00000000fe000000)
  to   space 14848K, 0% used [0x00000000ff180000,0x00000000ff180000,0x0000000100000000)
 ParOldGen       total 175104K, used 12388K [0x00000000e0000000, 0x00000000eab00000, 0x00000000f5580000)
  object space 175104K, 7% used [0x00000000e0000000,0x00000000e0c19370,0x00000000eab00000)
 Metaspace       used 32602K, capacity 33954K, committed 34176K, reserved 1079296K
  class space    used 4624K, capacity 4909K, committed 4992K, reserved 1048576K
}
Event: 6.670 GC heap before
{Heap before GC invocations=7 (full 1):
 PSYoungGen      total 141824K, used 41295K [0x00000000f5580000, 0x0000000100000000, 0x0000000100000000)
  eden space 131072K, 23% used [0x00000000f5580000,0x00000000f7354560,0x00000000fd580000)
  from space 10752K, 99% used [0x00000000fd580000,0x00000000fdfff8a0,0x00000000fe000000)
  to   space 14848K, 0% used [0x00000000ff180000,0x00000000ff180000,0x0000000100000000)
 ParOldGen       total 175104K, used 12388K [0x00000000e0000000, 0x00000000eab00000, 0x00000000f5580000)
  object space 175104K, 7% used [0x00000000e0000000,0x00000000e0c19370,0x00000000eab00000)
 Metaspace       used 33967K, capacity 35326K, committed 35456K, reserved 1079296K
  class space    used 4860K, capacity 5181K, committed 5248K, reserved 1048576K
Event: 6.687 GC heap after
Heap after GC invocations=7 (full 1):
 PSYoungGen      total 159744K, used 7933K [0x00000000f5580000, 0x0000000100000000, 0x0000000100000000)
  eden space 144896K, 0% used [0x00000000f5580000,0x00000000f5580000,0x00000000fe300000)
  from space 14848K, 53% used [0x00000000ff180000,0x00000000ff93f7e8,0x0000000100000000)
  to   space 14848K, 0% used [0x00000000fe300000,0x00000000fe300000,0x00000000ff180000)
 ParOldGen       total 175104K, used 12396K [0x00000000e0000000, 0x00000000eab00000, 0x00000000f5580000)
  object space 175104K, 7% used [0x00000000e0000000,0x00000000e0c1b370,0x00000000eab00000)
 Metaspace       used 33967K, capacity 35326K, committed 35456K, reserved 1079296K
  class space    used 4860K, capacity 5181K, committed 5248K, reserved 1048576K
}
Event: 6.687 GC heap before
{Heap before GC invocations=8 (full 2):
 PSYoungGen      total 159744K, used 7933K [0x00000000f5580000, 0x0000000100000000, 0x0000000100000000)
  eden space 144896K, 0% used [0x00000000f5580000,0x00000000f5580000,0x00000000fe300000)
  from space 14848K, 53% used [0x00000000ff180000,0x00000000ff93f7e8,0x0000000100000000)
  to   space 14848K, 0% used [0x00000000fe300000,0x00000000fe300000,0x00000000ff180000)
 ParOldGen       total 175104K, used 12396K [0x00000000e0000000, 0x00000000eab00000, 0x00000000f5580000)
  object space 175104K, 7% used [0x00000000e0000000,0x00000000e0c1b370,0x00000000eab00000)
 Metaspace       used 33967K, capacity 35326K, committed 35456K, reserved 1079296K
  class space    used 4860K, capacity 5181K, committed 5248K, reserved 1048576K
Event: 6.760 GC heap after
Heap after GC invocations=8 (full 2):
 PSYoungGen      total 159744K, used 0K [0x00000000f5580000, 0x0000000100000000, 0x0000000100000000)
  eden space 144896K, 0% used [0x00000000f5580000,0x00000000f5580000,0x00000000fe300000)
  from space 14848K, 0% used [0x00000000ff180000,0x00000000ff180000,0x0000000100000000)
  to   space 14848K, 0% used [0x00000000fe300000,0x00000000fe300000,0x00000000ff180000)
 ParOldGen       total 175104K, used 15322K [0x00000000e0000000, 0x00000000eab00000, 0x00000000f5580000)
  object space 175104K, 8% used [0x00000000e0000000,0x00000000e0ef6828,0x00000000eab00000)
 Metaspace       used 33967K, capacity 35326K, committed 35456K, reserved 1079296K
  class space    used 4860K, capacity 5181K, committed 5248K, reserved 1048576K
}
Event: 8.679 GC heap before
{Heap before GC invocations=9 (full 2):
 PSYoungGen      total 159744K, used 144896K [0x00000000f5580000, 0x0000000100000000, 0x0000000100000000)
  eden space 144896K, 100% used [0x00000000f5580000,0x00000000fe300000,0x00000000fe300000)
  from space 14848K, 0% used [0x00000000ff180000,0x00000000ff180000,0x0000000100000000)
  to   space 14848K, 0% used [0x00000000fe300000,0x00000000fe300000,0x00000000ff180000)
 ParOldGen       total 175104K, used 15322K [0x00000000e0000000, 0x00000000eab00000, 0x00000000f5580000)
  object space 175104K, 8% used [0x00000000e0000000,0x00000000e0ef6828,0x00000000eab00000)
 Metaspace       used 40957K, capacity 42916K, committed 43008K, reserved 1085440K
  class space    used 5911K, capacity 6324K, committed 6400K, reserved 1048576K
Event: 8.687 GC heap after
Heap after GC invocations=9 (full 2):
 PSYoungGen      total 154112K, used 9113K [0x00000000f5580000, 0x00000000ffe00000, 0x0000000100000000)
  eden space 144896K, 0% used [0x00000000f5580000,0x00000000f5580000,0x00000000fe300000)
  from space 9216K, 98% used [0x00000000fe300000,0x00000000febe6588,0x00000000fec00000)
  to   space 13824K, 0% used [0x00000000ff080000,0x00000000ff080000,0x00000000ffe00000)
 ParOldGen       total 175104K, used 15330K [0x00000000e0000000, 0x00000000eab00000, 0x00000000f5580000)
  object space 175104K, 8% used [0x00000000e0000000,0x00000000e0ef8828,0x00000000eab00000)
 Metaspace       used 40957K, capacity 42916K, committed 43008K, reserved 1085440K
  class space    used 5911K, capacity 6324K, committed 6400K, reserved 1048576K
}
Event: 10.842 GC heap before
{Heap before GC invocations=10 (full 2):
 PSYoungGen      total 154112K, used 154009K [0x00000000f5580000, 0x00000000ffe00000, 0x0000000100000000)
  eden space 144896K, 100% used [0x00000000f5580000,0x00000000fe300000,0x00000000fe300000)
  from space 9216K, 98% used [0x00000000fe300000,0x00000000febe6588,0x00000000fec00000)
  to   space 13824K, 0% used [0x00000000ff080000,0x00000000ff080000,0x00000000ffe00000)
 ParOldGen       total 175104K, used 15330K [0x00000000e0000000, 0x00000000eab00000, 0x00000000f5580000)
  object space 175104K, 8% used [0x00000000e0000000,0x00000000e0ef8828,0x00000000eab00000)
 Metaspace       used 47712K, capacity 50618K, committed 50816K, reserved 1093632K
  class space    used 6923K, capacity 7444K, committed 7552K, reserved 1048576K
Event: 10.873 GC heap after
Heap after GC invocations=10 (full 2):
 PSYoungGen      total 155648K, used 13794K [0x00000000f5580000, 0x0000000100000000, 0x0000000100000000)
  eden space 141824K, 0% used [0x00000000f5580000,0x00000000f5580000,0x00000000fe000000)
  from space 13824K, 99% used [0x00000000ff080000,0x00000000ffdf8870,0x00000000ffe00000)
  to   space 16384K, 0% used [0x00000000fe000000,0x00000000fe000000,0x00000000ff000000)
 ParOldGen       total 175104K, used 17053K [0x00000000e0000000, 0x00000000eab00000, 0x00000000f5580000)
  object space 175104K, 9% used [0x00000000e0000000,0x00000000e10a7670,0x00000000eab00000)
 Metaspace       used 47712K, capacity 50618K, committed 50816K, reserved 1093632K
  class space    used 6923K, capacity 7444K, committed 7552K, reserved 1048576K
}

Deoptimization events (10 events):
Event: 11.197 Thread 0x000000001b548800 Uncommon trap: reason=unstable_if action=reinterpret pc=0x00000000035d66c0 method=com.esotericsoftware.kryo.io.Input.readVarInt(Z)I @ 81
Event: 11.277 Thread 0x000000001b548800 Uncommon trap: reason=unstable_if action=reinterpret pc=0x00000000037f6040 method=com.esotericsoftware.kryo.io.Output.writeString(Ljava/lang/String;)V @ 93
Event: 11.465 Thread 0x000000001b548800 Uncommon trap: reason=unstable_if action=reinterpret pc=0x00000000036ff338 method=io.spring.gradle.dependencymanagement.org.codehaus.plexus.util.xml.pull.MXParser.nextImpl()I @ 954
Event: 11.502 Thread 0x000000001b548800 Uncommon trap: reason=class_check action=maybe_recompile pc=0x00000000036e8d20 method=io.spring.gradle.dependencymanagement.org.apache.maven.model.interpolation.StringSearchModelInterpolator$InterpolateObjectAction.interpolateMapField(Ljava/lang/Object;Lj
Event: 11.502 Thread 0x000000001b548800 Uncommon trap: reason=class_check action=maybe_recompile pc=0x00000000036e8d20 method=io.spring.gradle.dependencymanagement.org.apache.maven.model.interpolation.StringSearchModelInterpolator$InterpolateObjectAction.interpolateMapField(Ljava/lang/Object;Lj
Event: 11.502 Thread 0x000000001b548800 Uncommon trap: reason=class_check action=maybe_recompile pc=0x00000000036e8d20 method=io.spring.gradle.dependencymanagement.org.apache.maven.model.interpolation.StringSearchModelInterpolator$InterpolateObjectAction.interpolateMapField(Ljava/lang/Object;Lj
Event: 11.662 Thread 0x000000001b548800 Uncommon trap: reason=class_check action=maybe_recompile pc=0x00000000036e8d20 method=io.spring.gradle.dependencymanagement.org.apache.maven.model.interpolation.StringSearchModelInterpolator$InterpolateObjectAction.interpolateMapField(Ljava/lang/Object;Lj
Event: 11.676 Thread 0x000000001b548800 Uncommon trap: reason=unstable_if action=reinterpret pc=0x00000000038d8560 method=io.spring.gradle.dependencymanagement.org.codehaus.plexus.util.xml.pull.MXParser.nextTag()I @ 10
Event: 12.143 Thread 0x000000001b548800 Uncommon trap: reason=null_check action=make_not_entrant pc=0x00000000039c0de8 method=org.gradle.internal.classpath.Instrumented$DecoratingEntrySet$1.computeNext()Ljava/util/Map$Entry; @ 16
Event: 12.372 Thread 0x000000001b548800 Uncommon trap: reason=class_check action=maybe_recompile pc=0x000000000394227c method=io.spring.gradle.dependencymanagement.org.apache.maven.model.interpolation.StringSearchModelInterpolator$InterpolateObjectAction.interpolateMapField(Ljava/lang/Object;Lj

Classes redefined (0 events):
No events

Internal exceptions (10 events):
Event: 9.867 Thread 0x000000001b548800 Exception <a 'java/lang/IncompatibleClassChangeError': Found class java.lang.Object, but interface was expected> (0x00000000fafcaa08) thrown at [C:\re\workspace\8-2-build-windows-amd64-cygwin\jdk8u221\13320\hotspot\src\share\vm\interpreter\linkResolver.cp
Event: 9.940 Thread 0x000000001b548800 Exception <a 'java/lang/IncompatibleClassChangeError': Found class java.lang.Object, but interface was expected> (0x00000000fb53cbe8) thrown at [C:\re\workspace\8-2-build-windows-amd64-cygwin\jdk8u221\13320\hotspot\src\share\vm\interpreter\linkResolver.cp
Event: 9.966 Thread 0x000000001b548800 Exception <a 'java/lang/ClassNotFoundException': org/gradle/api/internal/artifacts/configurations/DefaultConfiguration_DecoratedBeanInfo> (0x00000000fb887e38) thrown at [C:\re\workspace\8-2-build-windows-amd64-cygwin\jdk8u221\13320\hotspot\src\share\vm\cl
Event: 9.967 Thread 0x000000001b548800 Exception <a 'java/lang/ClassNotFoundException': org/gradle/api/internal/artifacts/configurations/DefaultConfigurationBeanInfo> (0x00000000fb8ca340) thrown at [C:\re\workspace\8-2-build-windows-amd64-cygwin\jdk8u221\13320\hotspot\src\share\vm\classfile\sy
Event: 9.968 Thread 0x000000001b548800 Exception <a 'java/lang/ClassNotFoundException': org/gradle/api/internal/file/AbstractFileCollectionBeanInfo> (0x00000000fb8eebd8) thrown at [C:\re\workspace\8-2-build-windows-amd64-cygwin\jdk8u221\13320\hotspot\src\share\vm\classfile\systemDictionary.cpp
Event: 9.968 Thread 0x000000001b548800 Exception <a 'java/lang/ClassNotFoundException': org/gradle/api/internal/file/AbstractFileCollectionCustomizer> (0x00000000fb913c78) thrown at [C:\re\workspace\8-2-build-windows-amd64-cygwin\jdk8u221\13320\hotspot\src\share\vm\classfile\systemDictionary.c
Event: 9.970 Thread 0x000000001b548800 Exception <a 'java/lang/ClassNotFoundException': org/gradle/api/internal/artifacts/configurations/DefaultConfigurationCustomizer> (0x00000000fb970aa0) thrown at [C:\re\workspace\8-2-build-windows-amd64-cygwin\jdk8u221\13320\hotspot\src\share\vm\classfile\
Event: 9.973 Thread 0x000000001b548800 Exception <a 'java/lang/ClassNotFoundException': org/gradle/api/internal/artifacts/configurations/DefaultConfiguration_DecoratedCustomizer> (0x00000000fba48980) thrown at [C:\re\workspace\8-2-build-windows-amd64-cygwin\jdk8u221\13320\hotspot\src\share\vm\
Event: 10.696 Thread 0x000000001b548800 Implicit null exception at 0x0000000003724ad1 to 0x0000000003725d99
Event: 12.143 Thread 0x000000001b548800 Implicit null exception at 0x00000000039c0bab to 0x00000000039c0dde

Events (10 events):
Event: 12.394 Thread 0x0000000013c92000 flushing nmethod 0x000000000327c4d0
Event: 12.394 Thread 0x0000000013c92000 flushing nmethod 0x000000000327ee10
Event: 12.394 Thread 0x0000000013c92000 flushing nmethod 0x00000000032ed7d0
Event: 12.394 Thread 0x0000000013c92000 flushing nmethod 0x00000000032eead0
Event: 12.395 Thread 0x0000000013c92000 flushing nmethod 0x000000000336ba50
Event: 12.395 Thread 0x0000000013c92000 flushing nmethod 0x0000000003395c50
Event: 12.395 Thread 0x0000000013c92000 flushing nmethod 0x00000000033f9550
Event: 12.396 Thread 0x0000000013c92000 flushing nmethod 0x000000000343d510
Event: 12.396 Thread 0x0000000013c92000 flushing nmethod 0x0000000003455310
Event: 12.396 Thread 0x0000000013c92000 flushing nmethod 0x0000000003496410


Dynamic libraries:
0x00007ff6fe3c0000 - 0x00007ff6fe3f7000 	C:\Program Files\Java\jdk1.8.0_221\bin\java.exe
0x00007ff8a3910000 - 0x00007ff8a3b05000 	C:\WINDOWS\SYSTEM32\ntdll.dll
0x00007ff8a2410000 - 0x00007ff8a24ce000 	C:\WINDOWS\System32\KERNEL32.DLL
0x00007ff8a11a0000 - 0x00007ff8a1468000 	C:\WINDOWS\System32\KERNELBASE.dll
0x00007ff8a2ea0000 - 0x00007ff8a2f4c000 	C:\WINDOWS\System32\ADVAPI32.dll
0x00007ff8a2ff0000 - 0x00007ff8a308e000 	C:\WINDOWS\System32\msvcrt.dll
0x00007ff8a2f50000 - 0x00007ff8a2feb000 	C:\WINDOWS\System32\sechost.dll
0x00007ff8a1b90000 - 0x00007ff8a1cba000 	C:\WINDOWS\System32\RPCRT4.dll
0x00007ff8a24f0000 - 0x00007ff8a2691000 	C:\WINDOWS\System32\USER32.dll
0x00007ff8a1680000 - 0x00007ff8a16a2000 	C:\WINDOWS\System32\win32u.dll
0x00007ff8a38a0000 - 0x00007ff8a38cb000 	C:\WINDOWS\System32\GDI32.dll
0x00007ff8a1570000 - 0x00007ff8a167d000 	C:\WINDOWS\System32\gdi32full.dll
0x00007ff8a14d0000 - 0x00007ff8a156d000 	C:\WINDOWS\System32\msvcp_win.dll
0x00007ff8a1020000 - 0x00007ff8a1120000 	C:\WINDOWS\System32\ucrtbase.dll
0x00007ff890c30000 - 0x00007ff890eca000 	C:\WINDOWS\WinSxS\amd64_microsoft.windows.common-controls_6595b64144ccf1df_6.0.19041.1110_none_60b5254171f9507e\COMCTL32.dll
0x00007ff8a26b0000 - 0x00007ff8a26e0000 	C:\WINDOWS\System32\IMM32.DLL
0x000000005bbc0000 - 0x000000005bc92000 	C:\Program Files\Java\jdk1.8.0_221\jre\bin\msvcr100.dll
0x000000005a8f0000 - 0x000000005b195000 	C:\Program Files\Java\jdk1.8.0_221\jre\bin\server\jvm.dll
0x00007ff8a35f0000 - 0x00007ff8a35f8000 	C:\WINDOWS\System32\PSAPI.DLL
0x00007ff896c30000 - 0x00007ff896c3a000 	C:\WINDOWS\SYSTEM32\VERSION.dll
0x00007ff89ca70000 - 0x00007ff89ca97000 	C:\WINDOWS\SYSTEM32\WINMM.dll
0x00007ff89e690000 - 0x00007ff89e699000 	C:\WINDOWS\SYSTEM32\WSOCK32.dll
0x00007ff8a31c0000 - 0x00007ff8a322b000 	C:\WINDOWS\System32\WS2_32.dll
0x00007ff89e6b0000 - 0x00007ff89e6bf000 	C:\Program Files\Java\jdk1.8.0_221\jre\bin\verify.dll
0x00007ff88a960000 - 0x00007ff88a989000 	C:\Program Files\Java\jdk1.8.0_221\jre\bin\java.dll
0x00007ff891f40000 - 0x00007ff891f56000 	C:\Program Files\Java\jdk1.8.0_221\jre\bin\zip.dll
0x00007ff8a1cc0000 - 0x00007ff8a2404000 	C:\WINDOWS\System32\SHELL32.dll
0x00007ff89f110000 - 0x00007ff89f8a4000 	C:\WINDOWS\SYSTEM32\windows.storage.dll
0x00007ff8a3230000 - 0x00007ff8a3585000 	C:\WINDOWS\System32\combase.dll
0x00007ff8a0a00000 - 0x00007ff8a0a2e000 	C:\WINDOWS\SYSTEM32\Wldp.dll
0x00007ff8a1950000 - 0x00007ff8a19fd000 	C:\WINDOWS\System32\SHCORE.dll
0x00007ff8a3590000 - 0x00007ff8a35e5000 	C:\WINDOWS\System32\shlwapi.dll
0x00007ff8a0f60000 - 0x00007ff8a0f7f000 	C:\WINDOWS\SYSTEM32\profapi.dll
0x00007ff890ed0000 - 0x00007ff890eea000 	C:\Program Files\Java\jdk1.8.0_221\jre\bin\net.dll
0x00007ff88f0a0000 - 0x00007ff88f28b000 	C:\WINDOWS\SYSTEM32\urlmon.dll
0x00007ff88edf0000 - 0x00007ff88f0a0000 	C:\WINDOWS\SYSTEM32\iertutil.dll
0x00007ff88edc0000 - 0x00007ff88ede8000 	C:\WINDOWS\SYSTEM32\srvcli.dll
0x00007ff8a0560000 - 0x00007ff8a056c000 	C:\WINDOWS\SYSTEM32\netutils.dll
0x00007ff8a0760000 - 0x00007ff8a07ca000 	C:\WINDOWS\system32\mswsock.dll
0x00007ff88e940000 - 0x00007ff88e952000 	C:\Program Files\Java\jdk1.8.0_221\jre\bin\nio.dll
0x00007ff899b40000 - 0x00007ff899b67000 	C:\Users\sf book\.gradle\native\e1d6ef7f7dcc3fd88c89a11ec53ec762bb8ba0a96d01ffa2cd45eb1d1d8dd5c5\windows-amd64\native-platform.dll
0x00007ff87e070000 - 0x00007ff87e1b4000 	C:\Users\sf book\.gradle\native\5664cfc778a61ccfe75a443a1ab52a65af34e5dc3c78e0209fed803814484fcb\windows-amd64\native-platform-file-events.dll
0x00007ff897350000 - 0x00007ff89735d000 	C:\Program Files\Java\jdk1.8.0_221\jre\bin\management.dll
0x00007ff8a0960000 - 0x00007ff8a0978000 	C:\WINDOWS\SYSTEM32\CRYPTSP.dll
0x00007ff8a0080000 - 0x00007ff8a00b4000 	C:\WINDOWS\system32\rsaenh.dll
0x00007ff8a1120000 - 0x00007ff8a1147000 	C:\WINDOWS\System32\bcrypt.dll
0x00007ff8a0f20000 - 0x00007ff8a0f4e000 	C:\WINDOWS\SYSTEM32\USERENV.dll
0x00007ff8a1760000 - 0x00007ff8a17e2000 	C:\WINDOWS\System32\bcryptprimitives.dll
0x00007ff8a0950000 - 0x00007ff8a095c000 	C:\WINDOWS\SYSTEM32\CRYPTBASE.dll
0x00007ff8a0450000 - 0x00007ff8a048b000 	C:\WINDOWS\SYSTEM32\IPHLPAPI.DLL
0x00007ff8a26a0000 - 0x00007ff8a26a8000 	C:\WINDOWS\System32\NSI.dll
0x00007ff893550000 - 0x00007ff893567000 	C:\WINDOWS\SYSTEM32\dhcpcsvc6.DLL
0x00007ff896ed0000 - 0x00007ff896eed000 	C:\WINDOWS\SYSTEM32\dhcpcsvc.DLL
0x00007ff8a0490000 - 0x00007ff8a055b000 	C:\WINDOWS\SYSTEM32\DNSAPI.dll

VM Arguments:
jvm_args: -XX:MaxMetaspaceSize=256m -XX:+HeapDumpOnOutOfMemoryError -Xms256m -Xmx512m -Dfile.encoding=windows-1252 -Duser.country=US -Duser.language=en -Duser.variant 
java_command: org.gradle.launcher.daemon.bootstrap.GradleDaemon 7.3.2
java_class_path (initial): C:\Users\sf book\.gradle\wrapper\dists\gradle-7.3.2-all\4h7zmfyirw3l9vsxqbzv7bhr8\gradle-7.3.2\lib\gradle-launcher-7.3.2.jar
Launcher Type: SUN_STANDARD

Environment Variables:
PATH=C:\Program Files (x86)\Common Files\Oracle\Java\javapath;C:\WINDOWS\system32;C:\WINDOWS;C:\WINDOWS\System32\Wbem;C:\WINDOWS\System32\WindowsPowerShell\v1.0\;C:\WINDOWS\System32\OpenSSH\;C:\Program Files\Git\cmd;C:\Program Files\nodejs\;C:\Program Files\MySQL\MySQL Shell 8.0\bin\;C:\Users\sf book\AppData\Local\Microsoft\WindowsApps;C:\Users\sf book\AppData\Roaming\npm;C:\Users\sf book\AppData\Local\GitHubDesktop\bin;
USERNAME=sf book
OS=Windows_NT
PROCESSOR_IDENTIFIER=Intel64 Family 6 Model 78 Stepping 3, GenuineIntel



---------------  S Y S T E M  ---------------

OS: Windows 10.0 , 64 bit Build 19041 (10.0.19041.1348)

CPU:total 4 (initial active 4) (2 cores per cpu, 2 threads per core) family 6 model 78 stepping 3, cmov, cx8, fxsr, mmx, sse, sse2, sse3, ssse3, sse4.1, sse4.2, popcnt, avx, avx2, aes, clmul, erms, rtm, 3dnowpref, lzcnt, ht, tsc, tscinvbit, bmi1, bmi2, adx

Memory: 4k page, physical 8303960k(909192k free), swap 12498264k(7144k free)

vm_info: Java HotSpot(TM) 64-Bit Server VM (25.221-b11) for windows-amd64 JRE (1.8.0_221-b11), built on Jul  4 2019 04:39:29 by "java_re" with MS VC++ 10.0 (VS2010)

time: Fri Dec 24 15:05:45 2021
timezone: SE Asia Standard Time
elapsed time: 12 seconds (0d 0h 0m 12s)

