#
# There is insufficient memory for the Java Runtime Environment to continue.
# Native memory allocation (malloc) failed to allocate 32744 bytes for ChunkPool::allocate
# Possible reasons:
#   The system is out of physical RAM or swap space
#   The process is running with CompressedOops enabled, and the Java Heap may be blocking the growth of the native heap
# Possible solutions:
#   Reduce memory load on the system
#   Increase physical memory or swap space
#   Check if swap backing store is full
#   Decrease Java heap size (-Xmx/-Xms)
#   Decrease number of Java threads
#   Decrease Java thread stack sizes (-Xss)
#   Set larger code cache with -XX:ReservedCodeCacheSize=
#   JVM is running with Unscaled Compressed Oops mode in which the Java heap is
#     placed in the first 4GB address space. The Java Heap base address is the
#     maximum limit for the native heap growth. Please use -XX:HeapBaseMinAddress
#     to set the Java Heap base and to place the Java Heap above 4GB virtual address.
# This output file may be truncated or incomplete.
#
#  Out of Memory Error (allocation.cpp:272), pid=14340, tid=0x0000000000001848
#
# JRE version: Java(TM) SE Runtime Environment (8.0_221-b11) (build 1.8.0_221-b11)
# Java VM: Java HotSpot(TM) 64-Bit Server VM (25.221-b11 mixed mode windows-amd64 compressed oops)
# Failed to write core dump. Minidumps are not enabled by default on client versions of Windows
#

---------------  T H R E A D  ---------------

Current thread (0x0000000013c1d800):  JavaThread "C2 CompilerThread0" daemon [_thread_in_native, id=6216, stack(0x0000000015b50000,0x0000000015c50000)]

Stack: [0x0000000015b50000,0x0000000015c50000]
[error occurred during error reporting (printing stack bounds), id 0xc0000005]

Native frames: (J=compiled Java code, j=interpreted, Vv=VM code, C=native code)


Current CompileTask:
C2:   5787 2185   !   4       java.net.URLClassLoader$1::run (63 bytes)


---------------  P R O C E S S  ---------------

Java Threads: ( => current thread )
  0x000000001864d000 JavaThread "background-preinit" [_thread_in_native, id=14828, stack(0x0000000018160000,0x0000000018260000)]
  0x0000000016a2d000 JavaThread "/127.0.0.1:63592 to /127.0.0.1:63590 workers Thread 3" [_thread_in_native, id=11276, stack(0x0000000017e60000,0x0000000017f60000)]
  0x0000000016c20800 JavaThread "/127.0.0.1:63592 to /127.0.0.1:63590 workers Thread 2" [_thread_blocked, id=5124, stack(0x0000000017d60000,0x0000000017e60000)]
  0x0000000016c24000 JavaThread "/127.0.0.1:63592 to /127.0.0.1:63590 workers" [_thread_blocked, id=13400, stack(0x0000000017920000,0x0000000017a20000)]
  0x00000000151f4800 JavaThread "Service Thread" daemon [_thread_blocked, id=9964, stack(0x0000000015e50000,0x0000000015f50000)]
  0x0000000015155000 JavaThread "C1 CompilerThread2" daemon [_thread_blocked, id=8072, stack(0x0000000015d50000,0x0000000015e50000)]
  0x0000000015154000 JavaThread "C2 CompilerThread1" daemon [_thread_in_native, id=13016, stack(0x0000000015c50000,0x0000000015d50000)]
=>0x0000000013c1d800 JavaThread "C2 CompilerThread0" daemon [_thread_in_native, id=6216, stack(0x0000000015b50000,0x0000000015c50000)]
  0x0000000013c0c000 JavaThread "JDWP Command Reader" daemon [_thread_in_native, id=1852, stack(0x0000000015a50000,0x0000000015b50000)]
  0x0000000013c09000 JavaThread "JDWP Event Helper Thread" daemon [_thread_blocked, id=15288, stack(0x0000000015950000,0x0000000015a50000)]
  0x0000000013bfd800 JavaThread "JDWP Transport Listener: dt_socket" daemon [_thread_blocked, id=10344, stack(0x0000000015850000,0x0000000015950000)]
  0x0000000013bf4000 JavaThread "Attach Listener" daemon [_thread_blocked, id=14284, stack(0x0000000015750000,0x0000000015850000)]
  0x0000000015153000 JavaThread "Signal Dispatcher" daemon [_thread_blocked, id=14244, stack(0x0000000015650000,0x0000000015750000)]
  0x000000000279d000 JavaThread "Finalizer" daemon [_thread_blocked, id=11820, stack(0x0000000014e10000,0x0000000014f10000)]
  0x0000000002794800 JavaThread "Reference Handler" daemon [_thread_blocked, id=10748, stack(0x0000000014d10000,0x0000000014e10000)]
  0x00000000026a2800 JavaThread "Test worker" [_thread_in_vm, id=11988, stack(0x0000000002430000,0x0000000002530000)]

Other Threads:
  0x0000000013b87000 VMThread [stack: 0x0000000014c10000,0x0000000014d10000] [id=15260]
  0x0000000015253000 WatcherThread [stack: 0x0000000015f50000,0x0000000016050000] [id=3300]

VM state:not at safepoint (normal execution)

VM Mutex/Monitor currently owned by a thread: None

heap address: 0x00000000e0000000, size: 512 MB, Compressed Oops mode: 32-bit
Narrow klass base: 0x0000000000000000, Narrow klass shift: 3
Compressed class space size: 1073741824 Address: 0x0000000100000000

Heap:
 PSYoungGen      total 69632K, used 49087K [0x00000000f5580000, 0x00000000fd080000, 0x0000000100000000)
  eden space 60928K, 71% used [0x00000000f5580000,0x00000000f7fe92f8,0x00000000f9100000)
  from space 8704K, 65% used [0x00000000f9100000,0x00000000f9686ce0,0x00000000f9980000)
  to   space 8192K, 0% used [0x00000000fc880000,0x00000000fc880000,0x00000000fd080000)
 ParOldGen       total 47104K, used 5702K [0x00000000e0000000, 0x00000000e2e00000, 0x00000000f5580000)
  object space 47104K, 12% used [0x00000000e0000000,0x00000000e05919a0,0x00000000e2e00000)
 Metaspace       used 27259K, capacity 29088K, committed 29184K, reserved 1075200K
  class space    used 3687K, capacity 4069K, committed 4096K, reserved 1048576K

Card table byte_map: [0x0000000011b60000,0x0000000011c70000] byte_map_base: 0x0000000011460000

Marking Bits: (ParMarkBitMap*) 0x00000000608f5ce0
 Begin Bits: [0x0000000012120000, 0x0000000012920000)
 End Bits:   [0x0000000012920000, 0x0000000013120000)

Polling page: 0x0000000000b90000

CodeCache: size=245760Kb used=7935Kb max_used=7935Kb free=237824Kb
 bounds [0x00000000027a0000, 0x0000000002f70000, 0x00000000117a0000]
 total_blobs=2637 nmethods=2248 adapters=308
 compilation: enabled

Compilation events (10 events):
Event: 5.774 Thread 0x0000000015155000 nmethod 2252 0x0000000002f62490 code [0x0000000002f62600, 0x0000000002f627e8]
Event: 5.774 Thread 0x0000000015155000 2253       3       java.lang.Character::isJavaIdentifierPart (5 bytes)
Event: 5.775 Thread 0x0000000015155000 nmethod 2253 0x0000000002f62890 code [0x0000000002f62a00, 0x0000000002f62c98]
Event: 5.775 Thread 0x0000000015155000 2254       3       org.springframework.core.annotation.MergedAnnotationsCollection::get (23 bytes)
Event: 5.775 Thread 0x0000000015155000 nmethod 2254 0x0000000002f62dd0 code [0x0000000002f62f40, 0x0000000002f63228]
Event: 5.780 Thread 0x0000000015155000 2255       1       java.net.JarURLConnection::getJarFileURL (5 bytes)
Event: 5.781 Thread 0x0000000015155000 nmethod 2255 0x0000000002f63350 code [0x0000000002f634a0, 0x0000000002f635b0]
Event: 5.781 Thread 0x0000000015155000 2256       3       org.springframework.util.ClassUtils::resolvePrimitiveClassName (30 bytes)
Event: 5.782 Thread 0x0000000015155000 nmethod 2256 0x0000000002f63610 code [0x0000000002f637c0, 0x0000000002f63e58]
Event: 5.785 Thread 0x0000000015155000 2257       3       java.lang.Integer::compare (20 bytes)

GC Heap History (10 events):
Event: 3.737 GC heap before
{Heap before GC invocations=4 (full 0):
 PSYoungGen      total 38400K, used 35812K [0x00000000f5580000, 0x00000000f8000000, 0x0000000100000000)
  eden space 33280K, 92% used [0x00000000f5580000,0x00000000f737d368,0x00000000f7600000)
  from space 5120K, 99% used [0x00000000f7600000,0x00000000f7afc028,0x00000000f7b00000)
  to   space 5120K, 0% used [0x00000000f7b00000,0x00000000f7b00000,0x00000000f8000000)
 ParOldGen       total 87552K, used 2089K [0x00000000e0000000, 0x00000000e5580000, 0x00000000f5580000)
  object space 87552K, 2% used [0x00000000e0000000,0x00000000e020a540,0x00000000e5580000)
 Metaspace       used 19532K, capacity 21226K, committed 21504K, reserved 1067008K
  class space    used 2652K, capacity 2989K, committed 3072K, reserved 1048576K
Event: 3.761 GC heap after
Heap after GC invocations=4 (full 0):
 PSYoungGen      total 38400K, used 5095K [0x00000000f5580000, 0x00000000fa080000, 0x0000000100000000)
  eden space 33280K, 0% used [0x00000000f5580000,0x00000000f5580000,0x00000000f7600000)
  from space 5120K, 99% used [0x00000000f7b00000,0x00000000f7ff9f98,0x00000000f8000000)
  to   space 5120K, 0% used [0x00000000f7600000,0x00000000f7600000,0x00000000f7b00000)
 ParOldGen       total 87552K, used 4352K [0x00000000e0000000, 0x00000000e5580000, 0x00000000f5580000)
  object space 87552K, 4% used [0x00000000e0000000,0x00000000e0440260,0x00000000e5580000)
 Metaspace       used 19532K, capacity 21226K, committed 21504K, reserved 1067008K
  class space    used 2652K, capacity 2989K, committed 3072K, reserved 1048576K
}
Event: 3.784 GC heap before
{Heap before GC invocations=5 (full 0):
 PSYoungGen      total 38400K, used 7121K [0x00000000f5580000, 0x00000000fa080000, 0x0000000100000000)
  eden space 33280K, 6% used [0x00000000f5580000,0x00000000f577a740,0x00000000f7600000)
  from space 5120K, 99% used [0x00000000f7b00000,0x00000000f7ff9f98,0x00000000f8000000)
  to   space 5120K, 0% used [0x00000000f7600000,0x00000000f7600000,0x00000000f7b00000)
 ParOldGen       total 87552K, used 4352K [0x00000000e0000000, 0x00000000e5580000, 0x00000000f5580000)
  object space 87552K, 4% used [0x00000000e0000000,0x00000000e0440260,0x00000000e5580000)
 Metaspace       used 19848K, capacity 21514K, committed 21628K, reserved 1069056K
  class space    used 2675K, capacity 3021K, committed 3072K, reserved 1048576K
Event: 3.794 GC heap after
Heap after GC invocations=5 (full 0):
 PSYoungGen      total 38400K, used 5098K [0x00000000f5580000, 0x00000000fa680000, 0x0000000100000000)
  eden space 33280K, 0% used [0x00000000f5580000,0x00000000f5580000,0x00000000f7600000)
  from space 5120K, 99% used [0x00000000f7600000,0x00000000f7afaa48,0x00000000f7b00000)
  to   space 8192K, 0% used [0x00000000f9e80000,0x00000000f9e80000,0x00000000fa680000)
 ParOldGen       total 87552K, used 4488K [0x00000000e0000000, 0x00000000e5580000, 0x00000000f5580000)
  object space 87552K, 5% used [0x00000000e0000000,0x00000000e0462330,0x00000000e5580000)
 Metaspace       used 19848K, capacity 21514K, committed 21628K, reserved 1069056K
  class space    used 2675K, capacity 3021K, committed 3072K, reserved 1048576K
}
Event: 3.794 GC heap before
{Heap before GC invocations=6 (full 1):
 PSYoungGen      total 38400K, used 5098K [0x00000000f5580000, 0x00000000fa680000, 0x0000000100000000)
  eden space 33280K, 0% used [0x00000000f5580000,0x00000000f5580000,0x00000000f7600000)
  from space 5120K, 99% used [0x00000000f7600000,0x00000000f7afaa48,0x00000000f7b00000)
  to   space 8192K, 0% used [0x00000000f9e80000,0x00000000f9e80000,0x00000000fa680000)
 ParOldGen       total 87552K, used 4488K [0x00000000e0000000, 0x00000000e5580000, 0x00000000f5580000)
  object space 87552K, 5% used [0x00000000e0000000,0x00000000e0462330,0x00000000e5580000)
 Metaspace       used 19848K, capacity 21514K, committed 21628K, reserved 1069056K
  class space    used 2675K, capacity 3021K, committed 3072K, reserved 1048576K
Event: 3.847 GC heap after
Heap after GC invocations=6 (full 1):
 PSYoungGen      total 38400K, used 0K [0x00000000f5580000, 0x00000000fa680000, 0x0000000100000000)
  eden space 33280K, 0% used [0x00000000f5580000,0x00000000f5580000,0x00000000f7600000)
  from space 5120K, 0% used [0x00000000f7600000,0x00000000f7600000,0x00000000f7b00000)
  to   space 8192K, 0% used [0x00000000f9e80000,0x00000000f9e80000,0x00000000fa680000)
 ParOldGen       total 47104K, used 5702K [0x00000000e0000000, 0x00000000e2e00000, 0x00000000f5580000)
  object space 47104K, 12% used [0x00000000e0000000,0x00000000e05919a0,0x00000000e2e00000)
 Metaspace       used 19848K, capacity 21514K, committed 21628K, reserved 1069056K
  class space    used 2675K, capacity 3021K, committed 3072K, reserved 1048576K
}
Event: 4.330 GC heap before
{Heap before GC invocations=7 (full 1):
 PSYoungGen      total 38400K, used 33280K [0x00000000f5580000, 0x00000000fa680000, 0x0000000100000000)
  eden space 33280K, 100% used [0x00000000f5580000,0x00000000f7600000,0x00000000f7600000)
  from space 5120K, 0% used [0x00000000f7600000,0x00000000f7600000,0x00000000f7b00000)
  to   space 8192K, 0% used [0x00000000f9e80000,0x00000000f9e80000,0x00000000fa680000)
 ParOldGen       total 47104K, used 5702K [0x00000000e0000000, 0x00000000e2e00000, 0x00000000f5580000)
  object space 47104K, 12% used [0x00000000e0000000,0x00000000e05919a0,0x00000000e2e00000)
 Metaspace       used 22569K, capacity 24336K, committed 24448K, reserved 1071104K
  class space    used 3091K, capacity 3455K, committed 3456K, reserved 1048576K
Event: 4.344 GC heap after
Heap after GC invocations=7 (full 1):
 PSYoungGen      total 64512K, used 2846K [0x00000000f5580000, 0x00000000fa200000, 0x0000000100000000)
  eden space 60928K, 0% used [0x00000000f5580000,0x00000000f5580000,0x00000000f9100000)
  from space 3584K, 79% used [0x00000000f9e80000,0x00000000fa1478c8,0x00000000fa200000)
  to   space 8704K, 0% used [0x00000000f9100000,0x00000000f9100000,0x00000000f9980000)
 ParOldGen       total 47104K, used 5702K [0x00000000e0000000, 0x00000000e2e00000, 0x00000000f5580000)
  object space 47104K, 12% used [0x00000000e0000000,0x00000000e05919a0,0x00000000e2e00000)
 Metaspace       used 22569K, capacity 24336K, committed 24448K, reserved 1071104K
  class space    used 3091K, capacity 3455K, committed 3456K, reserved 1048576K
}
Event: 5.347 GC heap before
{Heap before GC invocations=8 (full 1):
 PSYoungGen      total 64512K, used 63757K [0x00000000f5580000, 0x00000000fa200000, 0x0000000100000000)
  eden space 60928K, 99% used [0x00000000f5580000,0x00000000f90fbcb0,0x00000000f9100000)
  from space 3584K, 79% used [0x00000000f9e80000,0x00000000fa1478c8,0x00000000fa200000)
  to   space 8704K, 0% used [0x00000000f9100000,0x00000000f9100000,0x00000000f9980000)
 ParOldGen       total 47104K, used 5702K [0x00000000e0000000, 0x00000000e2e00000, 0x00000000f5580000)
  object space 47104K, 12% used [0x00000000e0000000,0x00000000e05919a0,0x00000000e2e00000)
 Metaspace       used 25460K, capacity 27306K, committed 27520K, reserved 1073152K
  class space    used 3521K, capacity 3902K, committed 3968K, reserved 1048576K
Event: 5.368 GC heap after
Heap after GC invocations=8 (full 1):
 PSYoungGen      total 69632K, used 5659K [0x00000000f5580000, 0x00000000fd080000, 0x0000000100000000)
  eden space 60928K, 0% used [0x00000000f5580000,0x00000000f5580000,0x00000000f9100000)
  from space 8704K, 65% used [0x00000000f9100000,0x00000000f9686ce0,0x00000000f9980000)
  to   space 8192K, 0% used [0x00000000fc880000,0x00000000fc880000,0x00000000fd080000)
 ParOldGen       total 47104K, used 5702K [0x00000000e0000000, 0x00000000e2e00000, 0x00000000f5580000)
  object space 47104K, 12% used [0x00000000e0000000,0x00000000e05919a0,0x00000000e2e00000)
 Metaspace       used 25460K, capacity 27306K, committed 27520K, reserved 1073152K
  class space    used 3521K, capacity 3902K, committed 3968K, reserved 1048576K
}

Deoptimization events (10 events):
Event: 5.026 Thread 0x00000000026a2800 Uncommon trap: reason=unstable_if action=reinterpret pc=0x0000000002dbeda0 method=java.util.Hashtable$Enumerator.nextElement()Ljava/lang/Object; @ 71
Event: 5.026 Thread 0x00000000026a2800 Uncommon trap: reason=unstable_if action=reinterpret pc=0x0000000002dbf80c method=java.util.Hashtable$Enumerator.nextElement()Ljava/lang/Object; @ 71
Event: 5.057 Thread 0x000000001864d000 Uncommon trap: reason=class_check action=maybe_recompile pc=0x0000000002e1082c method=java.util.HashMap.putVal(ILjava/lang/Object;Ljava/lang/Object;ZZ)Ljava/lang/Object; @ 203
Event: 5.061 Thread 0x000000001864d000 Uncommon trap: reason=class_check action=maybe_recompile pc=0x0000000002e1082c method=java.util.HashMap.putVal(ILjava/lang/Object;Ljava/lang/Object;ZZ)Ljava/lang/Object; @ 203
Event: 5.065 Thread 0x000000001864d000 Uncommon trap: reason=class_check action=maybe_recompile pc=0x0000000002e1082c method=java.util.HashMap.putVal(ILjava/lang/Object;Ljava/lang/Object;ZZ)Ljava/lang/Object; @ 203
Event: 5.377 Thread 0x0000000002794800 Uncommon trap: reason=unstable_if action=reinterpret pc=0x0000000002e6a4a8 method=java.lang.ref.Reference.tryHandlePending(Z)Z @ 104
Event: 5.441 Thread 0x000000001864d000 Uncommon trap: reason=unstable_if action=reinterpret pc=0x0000000002c6581c method=java.util.concurrent.ConcurrentHashMap.putVal(Ljava/lang/Object;Ljava/lang/Object;Z)Ljava/lang/Object; @ 113
Event: 5.441 Thread 0x000000001864d000 Uncommon trap: reason=unstable_if action=reinterpret pc=0x0000000002d69b64 method=java.util.concurrent.ConcurrentHashMap.transfer([Ljava/util/concurrent/ConcurrentHashMap$Node;[Ljava/util/concurrent/ConcurrentHashMap$Node;)V @ 34
Event: 5.444 Thread 0x00000000026a2800 Uncommon trap: reason=unstable_if action=reinterpret pc=0x0000000002d69bb0 method=java.util.concurrent.ConcurrentHashMap.transfer([Ljava/util/concurrent/ConcurrentHashMap$Node;[Ljava/util/concurrent/ConcurrentHashMap$Node;)V @ 277
Event: 5.444 Thread 0x00000000026a2800 Uncommon trap: reason=unstable_if action=reinterpret pc=0x0000000002c65a1c method=java.util.concurrent.ConcurrentHashMap.addCount(JI)V @ 168

Classes redefined (0 events):
No events

Internal exceptions (10 events):
Event: 4.353 Thread 0x00000000026a2800 Exception <a 'java/lang/ClassNotFoundException': org/springframework/beans/factory/AwareCustomizer> (0x00000000f55801f8) thrown at [C:\re\workspace\8-2-build-windows-amd64-cygwin\jdk8u221\13320\hotspot\src\share\vm\classfile\systemDictionary.cpp, line 210
Event: 4.355 Thread 0x00000000026a2800 Exception <a 'java/lang/ClassNotFoundException': org/springframework/context/ApplicationStartupAwareCustomizer> (0x00000000f55a0a20) thrown at [C:\re\workspace\8-2-build-windows-amd64-cygwin\jdk8u221\13320\hotspot\src\share\vm\classfile\systemDictionary.c
Event: 4.357 Thread 0x00000000026a2800 Exception <a 'java/lang/ClassNotFoundException': org/springframework/beans/factory/AwareCustomizer> (0x00000000f55be2f8) thrown at [C:\re\workspace\8-2-build-windows-amd64-cygwin\jdk8u221\13320\hotspot\src\share\vm\classfile\systemDictionary.cpp, line 210
Event: 4.358 Thread 0x00000000026a2800 Exception <a 'java/lang/ClassNotFoundException': org/springframework/beans/factory/BeanClassLoaderAwareCustomizer> (0x00000000f55df918) thrown at [C:\re\workspace\8-2-build-windows-amd64-cygwin\jdk8u221\13320\hotspot\src\share\vm\classfile\systemDictionar
Event: 4.360 Thread 0x00000000026a2800 Exception <a 'java/lang/ClassNotFoundException': org/springframework/beans/factory/AwareCustomizer> (0x00000000f55fcd80) thrown at [C:\re\workspace\8-2-build-windows-amd64-cygwin\jdk8u221\13320\hotspot\src\share\vm\classfile\systemDictionary.cpp, line 210
Event: 4.361 Thread 0x00000000026a2800 Exception <a 'java/lang/ClassNotFoundException': org/springframework/context/EnvironmentAwareCustomizer> (0x00000000f561ab78) thrown at [C:\re\workspace\8-2-build-windows-amd64-cygwin\jdk8u221\13320\hotspot\src\share\vm\classfile\systemDictionary.cpp, lin
Event: 4.363 Thread 0x00000000026a2800 Exception <a 'java/lang/ClassNotFoundException': org/springframework/beans/factory/AwareCustomizer> (0x00000000f5637ec0) thrown at [C:\re\workspace\8-2-build-windows-amd64-cygwin\jdk8u221\13320\hotspot\src\share\vm\classfile\systemDictionary.cpp, line 210
Event: 5.390 Thread 0x0000000018f5c000 Exception <a 'java/lang/NoClassDefFoundError': org/glassfish/jersey/server/monitoring/ApplicationEventListener> (0x00000000f56e4d20) thrown at [C:\re\workspace\8-2-build-windows-amd64-cygwin\jdk8u221\13320\hotspot\src\share\vm\classfile\systemDictionary.c
Event: 5.391 Thread 0x0000000018f5c000 Exception <a 'java/lang/NoClassDefFoundError'> (0x00000000f56e4d20) thrown at [C:\re\workspace\8-2-build-windows-amd64-cygwin\jdk8u221\13320\hotspot\src\share\vm\prims\jvm.cpp, line 1506]
Event: 5.610 Thread 0x00000000026a2800 Exception <a 'java/lang/IncompatibleClassChangeError': Found class java.lang.Object, but interface was expected> (0x00000000f766f170) thrown at [C:\re\workspace\8-2-build-windows-amd64-cygwin\jdk8u221\13320\hotspot\src\share\vm\interpreter\linkResolver.cp

Events (10 events):
Event: 5.783 Thread 0x00000000026a2800 DEOPT PACKING pc=0x0000000002df8760 sp=0x000000000252a590
Event: 5.783 Thread 0x00000000026a2800 DEOPT UNPACKING pc=0x00000000027e7890 sp=0x000000000252a2d0 mode 1
Event: 5.783 Thread 0x00000000026a2800 DEOPT PACKING pc=0x0000000002df8650 sp=0x000000000252a640
Event: 5.783 Thread 0x00000000026a2800 DEOPT UNPACKING pc=0x00000000027e7890 sp=0x000000000252a380 mode 1
Event: 5.783 loading class com/fasterxml/jackson/core/sym/ByteQuadsCanonicalizer$TableInfo
Event: 5.783 loading class com/fasterxml/jackson/core/sym/ByteQuadsCanonicalizer$TableInfo done
Event: 5.784 Thread 0x000000001864d000 DEOPT PACKING pc=0x0000000002df8760 sp=0x000000001825dbb0
Event: 5.784 Thread 0x000000001864d000 DEOPT UNPACKING pc=0x00000000027e7890 sp=0x000000001825d8f0 mode 1
Event: 5.784 Thread 0x000000001864d000 DEOPT PACKING pc=0x0000000002df8650 sp=0x000000001825dc60
Event: 5.784 Thread 0x000000001864d000 DEOPT UNPACKING pc=0x00000000027e7890 sp=0x000000001825d9a0 mode 1


Dynamic libraries:
0x00007ff716b30000 - 0x00007ff716b67000 	C:\Program Files\Java\jdk1.8.0_221\bin\java.exe
0x00007fff93b30000 - 0x00007fff93d25000 	C:\WINDOWS\SYSTEM32\ntdll.dll
0x00007fff93740000 - 0x00007fff937fe000 	C:\WINDOWS\System32\KERNEL32.DLL
0x00007fff91550000 - 0x00007fff91818000 	C:\WINDOWS\System32\KERNELBASE.dll
0x00007fff91cd0000 - 0x00007fff91d7c000 	C:\WINDOWS\System32\ADVAPI32.dll
0x00007fff930a0000 - 0x00007fff9313e000 	C:\WINDOWS\System32\msvcrt.dll
0x00007fff92210000 - 0x00007fff922ab000 	C:\WINDOWS\System32\sechost.dll
0x00007fff92bb0000 - 0x00007fff92cda000 	C:\WINDOWS\System32\RPCRT4.dll
0x00007fff922b0000 - 0x00007fff92451000 	C:\WINDOWS\System32\USER32.dll
0x00007fff914c0000 - 0x00007fff914e2000 	C:\WINDOWS\System32\win32u.dll
0x00007fff93680000 - 0x00007fff936ab000 	C:\WINDOWS\System32\GDI32.dll
0x00007fff91820000 - 0x00007fff9192d000 	C:\WINDOWS\System32\gdi32full.dll
0x00007fff91420000 - 0x00007fff914bd000 	C:\WINDOWS\System32\msvcp_win.dll
0x00007fff91930000 - 0x00007fff91a30000 	C:\WINDOWS\System32\ucrtbase.dll
0x00007fff7e270000 - 0x00007fff7e50a000 	C:\WINDOWS\WinSxS\amd64_microsoft.windows.common-controls_6595b64144ccf1df_6.0.19041.1110_none_60b5254171f9507e\COMCTL32.dll
0x00007fff93330000 - 0x00007fff93360000 	C:\WINDOWS\System32\IMM32.DLL
0x0000000060980000 - 0x0000000060a52000 	C:\Program Files\Java\jdk1.8.0_221\jre\bin\msvcr100.dll
0x00000000600d0000 - 0x0000000060975000 	C:\Program Files\Java\jdk1.8.0_221\jre\bin\server\jvm.dll
0x00007fff93880000 - 0x00007fff93888000 	C:\WINDOWS\System32\PSAPI.DLL
0x00007fff6d7d0000 - 0x00007fff6d7d9000 	C:\WINDOWS\SYSTEM32\WSOCK32.dll
0x00007fff93140000 - 0x00007fff931ab000 	C:\WINDOWS\System32\WS2_32.dll
0x00007fff7e540000 - 0x00007fff7e567000 	C:\WINDOWS\SYSTEM32\WINMM.dll
0x00007fff83860000 - 0x00007fff8386a000 	C:\WINDOWS\SYSTEM32\VERSION.dll
0x00007fff7b5e0000 - 0x00007fff7b5ef000 	C:\Program Files\Java\jdk1.8.0_221\jre\bin\verify.dll
0x00007fff62360000 - 0x00007fff62389000 	C:\Program Files\Java\jdk1.8.0_221\jre\bin\java.dll
0x00007fff7c960000 - 0x00007fff7c995000 	C:\Program Files\Java\jdk1.8.0_221\jre\bin\jdwp.dll
0x00007fff89ce0000 - 0x00007fff89ce8000 	C:\Program Files\Java\jdk1.8.0_221\jre\bin\npt.dll
0x00007fff711a0000 - 0x00007fff711b6000 	C:\Program Files\Java\jdk1.8.0_221\jre\bin\zip.dll
0x00007fff92460000 - 0x00007fff92ba4000 	C:\WINDOWS\System32\SHELL32.dll
0x00007fff8f330000 - 0x00007fff8fac4000 	C:\WINDOWS\SYSTEM32\windows.storage.dll
0x00007fff92d40000 - 0x00007fff93095000 	C:\WINDOWS\System32\combase.dll
0x00007fff90c10000 - 0x00007fff90c3e000 	C:\WINDOWS\SYSTEM32\Wldp.dll
0x00007fff93890000 - 0x00007fff9393d000 	C:\WINDOWS\System32\SHCORE.dll
0x00007fff93360000 - 0x00007fff933b5000 	C:\WINDOWS\System32\shlwapi.dll
0x00007fff91180000 - 0x00007fff9119f000 	C:\WINDOWS\SYSTEM32\profapi.dll
0x00007fff89cd0000 - 0x00007fff89cd9000 	C:\Program Files\Java\jdk1.8.0_221\jre\bin\dt_socket.dll
0x00007fff90980000 - 0x00007fff909ea000 	C:\WINDOWS\system32\mswsock.dll
0x00007fff6b030000 - 0x00007fff6b04a000 	C:\Program Files\Java\jdk1.8.0_221\jre\bin\net.dll
0x00007fff80db0000 - 0x00007fff80f9b000 	C:\WINDOWS\SYSTEM32\urlmon.dll
0x00007fff81180000 - 0x00007fff81430000 	C:\WINDOWS\SYSTEM32\iertutil.dll
0x00007fff80d80000 - 0x00007fff80da8000 	C:\WINDOWS\SYSTEM32\srvcli.dll
0x00007fff90780000 - 0x00007fff9078c000 	C:\WINDOWS\SYSTEM32\netutils.dll
0x00007fff6b010000 - 0x00007fff6b022000 	C:\Program Files\Java\jdk1.8.0_221\jre\bin\nio.dll
0x00007fff90b70000 - 0x00007fff90b88000 	C:\WINDOWS\SYSTEM32\CRYPTSP.dll
0x00007fff902a0000 - 0x00007fff902d4000 	C:\WINDOWS\system32\rsaenh.dll
0x00007fff913a0000 - 0x00007fff913c7000 	C:\WINDOWS\System32\bcrypt.dll
0x00007fff91100000 - 0x00007fff9112e000 	C:\WINDOWS\SYSTEM32\USERENV.dll
0x00007fff91a30000 - 0x00007fff91ab2000 	C:\WINDOWS\System32\bcryptprimitives.dll
0x00007fff90c40000 - 0x00007fff90c4c000 	C:\WINDOWS\SYSTEM32\CRYPTBASE.dll
0x00007fff90670000 - 0x00007fff906ab000 	C:\WINDOWS\SYSTEM32\IPHLPAPI.DLL
0x00007fff92200000 - 0x00007fff92208000 	C:\WINDOWS\System32\NSI.dll
0x00007fff835c0000 - 0x00007fff835d7000 	C:\WINDOWS\SYSTEM32\dhcpcsvc6.DLL
0x00007fff83b20000 - 0x00007fff83b3d000 	C:\WINDOWS\SYSTEM32\dhcpcsvc.DLL
0x00007fff906b0000 - 0x00007fff9077b000 	C:\WINDOWS\SYSTEM32\DNSAPI.dll
0x00007fff698c0000 - 0x00007fff698cd000 	C:\Program Files\Java\jdk1.8.0_221\jre\bin\management.dll
0x00007fff6feb0000 - 0x00007fff6fec7000 	C:\WINDOWS\system32\napinsp.dll
0x00007fff6fe90000 - 0x00007fff6feab000 	C:\WINDOWS\system32\pnrpnsp.dll
0x00007fff8c160000 - 0x00007fff8c175000 	C:\WINDOWS\system32\wshbth.dll
0x00007fff8cb80000 - 0x00007fff8cb9d000 	C:\WINDOWS\system32\NLAapi.dll
0x00007fff6fe70000 - 0x00007fff6fe82000 	C:\WINDOWS\System32\winrnr.dll
0x00007fff87b80000 - 0x00007fff87b8a000 	C:\Windows\System32\rasadhlp.dll
0x00007fff82e60000 - 0x00007fff82edf000 	C:\WINDOWS\System32\fwpuclnt.dll

VM Arguments:
jvm_args: -Djava.security.manager=worker.org.gradle.process.internal.worker.child.BootstrapSecurityManager -Dorg.gradle.internal.worker.tmpdir=D:\a sang\module-6\C0721G1_Project_Sprint1_Backend\C0721G1_Project_Module6\build\tmp\test\work -Dorg.gradle.native=false -agentlib:jdwp=transport=dt_socket,server=n,suspend=y,address=63587 -Xmx512m -Dfile.encoding=windows-1252 -Duser.country=US -Duser.language=en -Duser.variant -ea 
java_command: worker.org.gradle.process.internal.worker.GradleWorkerMain 'Gradle Test Executor 13'
java_class_path (initial): C:\Users\sf book\.gradle\caches\7.3.2\workerMain\gradle-worker.jar
Launcher Type: SUN_STANDARD

Environment Variables:
PATH=C:\Program Files (x86)\Common Files\Oracle\Java\javapath;C:\WINDOWS\system32;C:\WINDOWS;C:\WINDOWS\System32\Wbem;C:\WINDOWS\System32\WindowsPowerShell\v1.0\;C:\WINDOWS\System32\OpenSSH\;C:\Program Files\Git\cmd;C:\Program Files\nodejs\;C:\Program Files\MySQL\MySQL Shell 8.0\bin\;C:\Users\sf book\AppData\Local\Microsoft\WindowsApps;C:\Users\sf book\AppData\Roaming\npm;C:\Users\sf book\AppData\Local\GitHubDesktop\bin;
USERNAME=sf book
OS=Windows_NT
PROCESSOR_IDENTIFIER=Intel64 Family 6 Model 78 Stepping 3, GenuineIntel



---------------  S Y S T E M  ---------------

OS: Windows 10.0 , 64 bit Build 19041 (10.0.19041.1348)

CPU:total 4 (initial active 4) (2 cores per cpu, 2 threads per core) family 6 model 78 stepping 3, cmov, cx8, fxsr, mmx, sse, sse2, sse3, ssse3, sse4.1, sse4.2, popcnt, avx, avx2, aes, clmul, erms, rtm, 3dnowpref, lzcnt, ht, tsc, tscinvbit, bmi1, bmi2, adx

Memory: 4k page, physical 8303960k(409576k free), swap 12498264k(5120k free)

vm_info: Java HotSpot(TM) 64-Bit Server VM (25.221-b11) for windows-amd64 JRE (1.8.0_221-b11), built on Jul  4 2019 04:39:29 by "java_re" with MS VC++ 10.0 (VS2010)

time: Mon Dec 27 15:35:02 2021
timezone: SE Asia Standard Time
elapsed time: 5 seconds (0d 0h 0m 5s)

